[ 2023-07-28 03:27:10,091 ] 26 root - INFO - Data ingestion method Started
[ 2023-07-28 03:27:10,091 ] 29 root - INFO - Dataset read as pandas Dataframe
[ 2023-07-28 03:27:10,101 ] 35 root - INFO - Train Test Split Initiated
[ 2023-07-28 03:27:10,112 ] 41 root - INFO - Ingestion of Data is completed
[ 2023-07-28 03:27:10,116 ] 70 root - INFO - Read train and test data completed
[ 2023-07-28 03:27:10,132 ] 71 root - INFO - Train Dataframe Head : 
   age     sex   bmi  children smoker     region  expenses
0   46  female  20.0         2     no  northwest   9193.84
1   47  female  24.3         0     no  northeast   8534.67
2   52  female  24.9         0     no  southeast  27117.99
3   39  female  34.3         5     no  southeast   8596.83
4   54  female  21.5         3     no  northwest  12475.35
[ 2023-07-28 03:27:10,132 ] 72 root - INFO - Test Dataframe Head  : 
   age     sex   bmi  children smoker     region  expenses
0   45  female  25.2         2     no  northeast   9095.07
1   36  female  30.0         0     no  northwest   5272.18
2   64  female  26.9         0    yes  northwest  29330.98
3   46    male  25.7         3     no  northwest   9301.89
4   19    male  31.9         0    yes  northwest  33750.29
[ 2023-07-28 03:27:10,132 ] 74 root - INFO - Obtaining preprocessing object
[ 2023-07-28 03:27:10,132 ] 87 root - INFO - Applying preprocessing object on training and testing datasets.
[ 2023-07-28 03:27:10,147 ] 101 root - INFO - Preprocessor pickle file saved
[ 2023-07-28 03:27:10,147 ] 33 root - INFO - Split training and test input data
[ 2023-07-28 03:28:31,436 ] 102 root - INFO - Best found model on both training and testing dataset
